c:\users\usuario\source\repos\mp-curs-24-25dames\projecte\codi_lliurament_final\1. resources\vc143.pdb
c:\users\usuario\source\repos\mp-curs-24-25dames\projecte\codi_lliurament_final\1. resources\vc143.idb
c:\users\usuario\source\repos\mp-curs-24-25dames\projecte\codi_lliurament_final\1. resources\main.obj
c:\users\usuario\source\repos\mp-curs-24-25dames\projecte\codi_lliurament_final\1. resources\joc.obj
c:\users\usuario\source\repos\mp-curs-24-25dames\projecte\codi_lliurament_final\1. resources\graphicmanager.obj
c:\users\usuario\source\repos\mp-curs-24-25dames\projecte\codi_lliurament_final\1. resources\video.obj
c:\users\usuario\source\repos\mp-curs-24-25dames\projecte\codi_lliurament_final\1. resources\stb_vorbis.obj
c:\users\usuario\source\repos\mp-curs-24-25dames\projecte\codi_lliurament_final\1. resources\sprites.obj
c:\users\usuario\source\repos\mp-curs-24-25dames\projecte\codi_lliurament_final\1. resources\sound.obj
c:\users\usuario\source\repos\mp-curs-24-25dames\projecte\codi_lliurament_final\1. resources\sdl_fontcache.obj
c:\users\usuario\source\repos\mp-curs-24-25dames\projecte\codi_lliurament_final\1. resources\nfont.obj
c:\users\usuario\source\repos\mp-curs-24-25dames\projecte\codi_lliurament_final\1. resources\mouse.obj
c:\users\usuario\source\repos\mp-curs-24-25dames\projecte\codi_lliurament_final\1. resources\keyboard.obj
c:\users\usuario\source\repos\mp-curs-24-25dames\projecte\codi_lliurament_final\1. resources\image_png.obj
c:\users\usuario\source\repos\mp-curs-24-25dames\projecte\codi_lliurament_final\1. resources\debug.obj
c:\users\usuario\source\repos\mp-curs-24-25dames\projecte\codi_lliurament_final\2. platforms\0. windows desktop\\..\..\1. resources\mp_practica.vcxproj.filelistabsolute.txt
c:\users\usuario\source\repos\mp-curs-24-25dames\projecte\codi_lliurament_final\1. resources\mp_practica.tlog\cl.command.1.tlog
c:\users\usuario\source\repos\mp-curs-24-25dames\projecte\codi_lliurament_final\1. resources\mp_practica.tlog\cl.read.1.tlog
c:\users\usuario\source\repos\mp-curs-24-25dames\projecte\codi_lliurament_final\1. resources\mp_practica.tlog\cl.write.1.tlog
c:\users\usuario\source\repos\mp-curs-24-25dames\projecte\codi_lliurament_final\1. resources\mp_practica.tlog\link.command.1.tlog
c:\users\usuario\source\repos\mp-curs-24-25dames\projecte\codi_lliurament_final\1. resources\mp_practica.tlog\link.read.1.tlog
c:\users\usuario\source\repos\mp-curs-24-25dames\projecte\codi_lliurament_final\1. resources\mp_practica.tlog\link.write.1.tlog
